<?xml version="1.0" encoding="UTF-8"?>
<testng-results ignored="0" total="2" passed="2" failed="0" skipped="0">
  <reporter-output>
  </reporter-output>
  <suite started-at="2022-08-05T15:44:16 IST" name="Default suite" finished-at="2022-08-05T15:44:17 IST" duration-ms="115">
    <groups>
    </groups>
    <test started-at="2022-08-05T15:44:16 IST" name="Default test" finished-at="2022-08-05T15:44:17 IST" duration-ms="115">
      <class name="testNG.SampleTestCase">
        <test-method signature="firstTestcase()[pri:0, instance:testNG.SampleTestCase@d4342c2]" started-at="2022-08-05T15:44:16 IST" name="firstTestcase" finished-at="2022-08-05T15:44:16 IST" duration-ms="24" status="PASS">
          <reporter-output>
          </reporter-output>
        </test-method> <!-- firstTestcase -->
        <test-method signature="secondTestcase()[pri:0, instance:testNG.SampleTestCase@d4342c2]" started-at="2022-08-05T15:44:16 IST" name="secondTestcase" finished-at="2022-08-05T15:44:16 IST" duration-ms="3" status="PASS">
          <reporter-output>
          </reporter-output>
        </test-method> <!-- secondTestcase -->
      </class> <!-- testNG.SampleTestCase -->
    </test> <!-- Default test -->
  </suite> <!-- Default suite -->
</testng-results>
